
> @n8n/stores@2.5.0 build /Users/hanshilian/private/QIALG/projects/AI-tesseract/client/Tesseract/n8n/n8n-master/packages/frontend/@n8n/stores
> tsdown

[34mℹ[39m tsdown [2mv0.16.5[22m powered by rolldown [2mv1.0.0-beta.50[22m
[34mℹ[39m Using tsdown config: [4m/Users/hanshilian/private/QIALG/projects/AI-tesseract/client/Tesseract/n8n/n8n-master/packages/frontend/@n8n/stores/tsdown.config.ts[24m
[34mℹ[39m entry: [34msrc/constants.ts, src/index.ts, src/metaTagConfig.ts, src/useAgentRequestStore.ts, src/useRootStore.ts[39m
[34mℹ[39m tsconfig: [34mtsconfig.json[39m
[34mℹ[39m Build start
[34mℹ[39m [33m[CJS][39m [2mdist/[22m[1museRootStore.cjs[22m              [2m5.68 kB[22m [2m│ gzip: 1.28 kB[22m
[34mℹ[39m [33m[CJS][39m [2mdist/[22m[1museAgentRequestStore.cjs[22m      [2m1.90 kB[22m [2m│ gzip: 0.57 kB[22m
[34mℹ[39m [33m[CJS][39m [2mdist/[22m[1mmetaTagConfig.cjs[22m             [2m0.23 kB[22m [2m│ gzip: 0.11 kB[22m
[34mℹ[39m [33m[CJS][39m [2mdist/[22m[1mconstants.cjs[22m                 [2m0.10 kB[22m [2m│ gzip: 0.08 kB[22m
[34mℹ[39m [33m[CJS][39m [2mdist/[22m[1mindex.cjs[22m                     [2m0.10 kB[22m [2m│ gzip: 0.08 kB[22m
[34mℹ[39m [33m[CJS][39m [2mdist/[22museRootStore.cjs.map          [2m9.94 kB[22m [2m│ gzip: 2.19 kB[22m
[34mℹ[39m [33m[CJS][39m [2mdist/[22museAgentRequestStore.cjs.map  [2m3.72 kB[22m [2m│ gzip: 1.15 kB[22m
[34mℹ[39m [33m[CJS][39m [2mdist/[22mconstants2.cjs.map            [2m2.13 kB[22m [2m│ gzip: 0.98 kB[22m
[34mℹ[39m [33m[CJS][39m [2mdist/[22mmetaTagConfig2.cjs.map        [2m1.85 kB[22m [2m│ gzip: 0.76 kB[22m
[34mℹ[39m [33m[CJS][39m [2mdist/[22mconstants2.cjs                [2m1.57 kB[22m [2m│ gzip: 0.83 kB[22m
[34mℹ[39m [33m[CJS][39m [2mdist/[22mmetaTagConfig2.cjs            [2m1.34 kB[22m [2m│ gzip: 0.51 kB[22m
[34mℹ[39m [33m[CJS][39m 11 files, total: 28.57 kB
[33m[EMPTY_IMPORT_META] Warning:[0m `import.meta` may not be a valid syntax with the `cjs` output format.
   [38;5;246m╭[0m[38;5;246m─[0m[38;5;246m[[0m src/useRootStore.ts:8:34 [38;5;246m][0m
   [38;5;246m│[0m
 [38;5;246m8 │[0m [38;5;249mc[0m[38;5;249mo[0m[38;5;249mn[0m[38;5;249ms[0m[38;5;249mt[0m[38;5;249m [0m[38;5;249m{[0m[38;5;249m [0m[38;5;249mV[0m[38;5;249mU[0m[38;5;249mE[0m[38;5;249m_[0m[38;5;249mA[0m[38;5;249mP[0m[38;5;249mP[0m[38;5;249m_[0m[38;5;249mU[0m[38;5;249mR[0m[38;5;249mL[0m[38;5;249m_[0m[38;5;249mB[0m[38;5;249mA[0m[38;5;249mS[0m[38;5;249mE[0m[38;5;249m_[0m[38;5;249mA[0m[38;5;249mP[0m[38;5;249mI[0m[38;5;249m [0m[38;5;249m}[0m[38;5;249m [0m[38;5;249m=[0m[38;5;249m [0mimport.meta[38;5;249m.[0m[38;5;249me[0m[38;5;249mn[0m[38;5;249mv[0m[38;5;249m;[0m
 [38;5;240m  │[0m                                  ─────┬─────  
 [38;5;240m  │[0m                                       ╰─────── This `import.meta` will be replaced with an empty object (`{}`) automatically. If this is desired, you can suppress this warning by adding `transform.define: { 'import.meta': {} }`. If `import.meta` needs to be kept as-is, you need to set the output format to `esm`.
[38;5;246m───╯[0m

[34mℹ[39m [34m[ESM][39m [2mdist/[22m[1museRootStore.mjs[22m              [2m 5.43 kB[22m [2m│ gzip: 1.25 kB[22m
[34mℹ[39m [34m[ESM][39m [2mdist/[22m[1museAgentRequestStore.mjs[22m      [2m 1.86 kB[22m [2m│ gzip: 0.55 kB[22m
[34mℹ[39m [34m[ESM][39m [2mdist/[22m[1mmetaTagConfig.mjs[22m             [2m 0.16 kB[22m [2m│ gzip: 0.11 kB[22m
[34mℹ[39m [34m[ESM][39m [2mdist/[22m[1mconstants.mjs[22m                 [2m 0.07 kB[22m [2m│ gzip: 0.08 kB[22m
[34mℹ[39m [34m[ESM][39m [2mdist/[22m[1mindex.mjs[22m                     [2m 0.07 kB[22m [2m│ gzip: 0.08 kB[22m
[34mℹ[39m [34m[ESM][39m [2mdist/[22museRootStore.mjs.map          [2m10.02 kB[22m [2m│ gzip: 2.17 kB[22m
[34mℹ[39m [34m[ESM][39m [2mdist/[22museAgentRequestStore.mjs.map  [2m 3.73 kB[22m [2m│ gzip: 1.16 kB[22m
[34mℹ[39m [34m[ESM][39m [2mdist/[22mconstants2.mjs.map            [2m 2.13 kB[22m [2m│ gzip: 0.98 kB[22m
[34mℹ[39m [34m[ESM][39m [2mdist/[22mmetaTagConfig2.mjs.map        [2m 1.85 kB[22m [2m│ gzip: 0.76 kB[22m
[34mℹ[39m [34m[ESM][39m [2mdist/[22mconstants2.mjs                [2m 1.49 kB[22m [2m│ gzip: 0.77 kB[22m
[34mℹ[39m [34m[ESM][39m [2mdist/[22mmetaTagConfig2.mjs            [2m 1.12 kB[22m [2m│ gzip: 0.46 kB[22m
[34mℹ[39m [34m[ESM][39m [2mdist/[22m[32m[1museRootStore.d.mts[22m[39m            [2m 7.48 kB[22m [2m│ gzip: 0.93 kB[22m
[34mℹ[39m [34m[ESM][39m [2mdist/[22m[32m[1museAgentRequestStore.d.mts[22m[39m    [2m 2.51 kB[22m [2m│ gzip: 0.50 kB[22m
[34mℹ[39m [34m[ESM][39m [2mdist/[22m[32m[1mmetaTagConfig.d.mts[22m[39m           [2m 0.31 kB[22m [2m│ gzip: 0.17 kB[22m
[34mℹ[39m [34m[ESM][39m [2mdist/[22m[32m[1mconstants.d.mts[22m[39m               [2m 0.07 kB[22m [2m│ gzip: 0.07 kB[22m
[34mℹ[39m [34m[ESM][39m [2mdist/[22m[32m[1mindex.d.mts[22m[39m                   [2m 0.07 kB[22m [2m│ gzip: 0.07 kB[22m
[34mℹ[39m [34m[ESM][39m [2mdist/[22m[32mconstants2.d.mts[39m              [2m 1.96 kB[22m [2m│ gzip: 0.79 kB[22m
[34mℹ[39m [34m[ESM][39m 17 files, total: 40.31 kB
[34mℹ[39m [33m[CJS][39m [2mdist/[22m[32m[1museRootStore.d.cts[22m[39m          [2m7.48 kB[22m [2m│ gzip: 0.93 kB[22m
[34mℹ[39m [33m[CJS][39m [2mdist/[22m[32m[1museAgentRequestStore.d.cts[22m[39m  [2m2.51 kB[22m [2m│ gzip: 0.50 kB[22m
[34mℹ[39m [33m[CJS][39m [2mdist/[22m[32m[1mmetaTagConfig.d.cts[22m[39m         [2m0.31 kB[22m [2m│ gzip: 0.17 kB[22m
[34mℹ[39m [33m[CJS][39m [2mdist/[22m[32m[1mconstants.d.cts[22m[39m             [2m0.07 kB[22m [2m│ gzip: 0.07 kB[22m
[34mℹ[39m [33m[CJS][39m [2mdist/[22m[32m[1mindex.d.cts[22m[39m                 [2m0.07 kB[22m [2m│ gzip: 0.07 kB[22m
[34mℹ[39m [33m[CJS][39m [2mdist/[22m[32mconstants2.d.cts[39m            [2m1.96 kB[22m [2m│ gzip: 0.79 kB[22m
[34mℹ[39m [33m[CJS][39m 6 files, total: 12.39 kB
[32m✔[39m Build complete in [32m6469ms[39m
